[2018-06-24 00:13:01] local.INFO:  Unic022@foxmail.com Since 23 June 2018 Emails Scan Start...  
[2018-06-24 00:13:02] local.INFO:  Unic022@foxmail.com MailID 2811 AlReady Exists...  
[2018-06-24 00:13:02] local.INFO:  Unic022@foxmail.com MailID 2812 AlReady Exists...  
[2018-06-24 00:13:02] local.INFO:  Unic022@foxmail.com MailID 2813 AlReady Exists...  
[2018-06-24 00:13:02] local.INFO:  Unic022@foxmail.com MailID 2814 AlReady Exists...  
[2018-06-24 00:13:02] local.INFO:  Unic022@foxmail.com MailID 2815 AlReady Exists...  
[2018-06-24 00:13:02] local.INFO:  Unic022@foxmail.com MailID 2816 AlReady Exists...  
[2018-06-24 00:13:02] local.INFO:  Unic022@foxmail.com MailID 2817 AlReady Exists...  
[2018-06-24 00:13:02] local.INFO:  Unic022@foxmail.com MailID 2818 Insert Error...Undefined offset: 0  
[2018-06-24 00:13:02] local.INFO:  Unic022@foxmail.com MailID 2819 AlReady Exists...  
[2018-06-24 00:13:02] local.INFO:  Unic022@foxmail.com MailID 2820 AlReady Exists...  
[2018-06-24 00:13:02] local.INFO:  Unic022@foxmail.com MailID 2821 AlReady Exists...  
[2018-06-24 00:13:02] local.INFO:  Unic022@foxmail.com MailID 2822 AlReady Exists...  
[2018-06-24 00:13:02] local.INFO:  Unic022@foxmail.com MailID 2823 AlReady Exists...  
[2018-06-24 00:13:02] local.INFO:  Unic022@foxmail.com MailID 2824 AlReady Exists...  
[2018-06-24 00:13:03] local.INFO:  Unic022@foxmail.com MailID 2825 Insert Error...Undefined offset: 0  
[2018-06-24 00:13:03] local.INFO:  Unic022@foxmail.com MailID 2826 Insert Error...Undefined offset: 0  
[2018-06-24 00:13:17] local.INFO:  Unic022@foxmail.com MailID 2827 Insert Error...Undefined offset: 0  
[2018-06-24 00:13:28] local.INFO:  Unic022@foxmail.com MailID 2828 Insert Error...Undefined offset: 0  
[2018-06-24 00:13:37] local.INFO:  Unic022@foxmail.com MailID 2829 Insert Error...Undefined offset: 0  
[2018-06-24 00:13:37] local.INFO:  Unic022@foxmail.com MailID 2830 Insert Error...Undefined offset: 0  
[2018-06-24 00:13:38] local.INFO:  Unic022@foxmail.com MailID 2831 Insert Error...Undefined offset: 0  
[2018-06-24 00:13:38] local.INFO:  Unic022@foxmail.com MailID 2832 Insert Error...Undefined offset: 0  
[2018-06-24 00:13:38] local.INFO:  Unic022@foxmail.com MailID 2833 Insert Error...Undefined offset: 0  
[2018-06-24 00:13:38] local.INFO:  Unic022@foxmail.com MailID 2834 Insert Error...Undefined offset: 0  
[2018-06-24 00:13:38] local.INFO:  Unic022@foxmail.com MailID 2835 Insert Error...Undefined offset: 0  
[2018-06-24 00:13:38] local.INFO:  Unic022@foxmail.com MailID 2836 Insert Error...Undefined offset: 0  
[2018-06-24 00:13:38] local.INFO:  Unic022@foxmail.com MailID 2837 Insert Error...Undefined offset: 0  
[2018-06-24 00:13:38] local.INFO:  Unic022@foxmail.com MailID 2838 AlReady Exists...  
[2018-06-24 00:13:39] local.INFO:  Unic022@foxmail.com MailID 2839 Insert Error...Undefined offset: 0  
[2018-06-24 00:13:39] local.INFO:  Unic022@foxmail.com MailID 2840 Insert Error...Undefined offset: 0  
[2018-06-24 00:13:52] local.INFO:  Unic022@foxmail.com MailID 2841 Insert Error...Undefined offset: 0  
[2018-06-24 00:13:52] local.INFO:  Unic022@foxmail.com MailID 2842 Insert Error...Undefined offset: 0  
[2018-06-24 00:13:52] local.INFO:  Unic022@foxmail.com MailID 2843 Insert Error...Undefined offset: 0  
[2018-06-24 00:13:53] local.INFO:  Unic022@foxmail.com MailID 2844 Insert Error...Undefined offset: 0  
[2018-06-24 00:13:53] local.INFO:  Unic022@foxmail.com MailID 2845 Insert Error...Undefined offset: 0  
[2018-06-24 00:13:53] local.INFO:  Unic022@foxmail.com MailID 2846 Insert Error...Undefined offset: 0  
[2018-06-24 00:13:53] local.INFO:  Unic022@foxmail.com MailID 2847 AlReady Exists...  
[2018-06-24 00:13:53] local.INFO:  Unic022@foxmail.com MailID 2848 AlReady Exists...  
[2018-06-24 00:13:53] local.INFO:  Unic022@foxmail.com Since 23 June 2018 Emails Scan Complete...  
[2018-06-24 00:43:01] local.INFO:  Unic022@foxmail.com Since 23 June 2018 Emails Scan Start...  
[2018-06-24 00:43:02] local.INFO:  Unic022@foxmail.com MailID 2811 AlReady Exists...  
[2018-06-24 00:43:02] local.INFO:  Unic022@foxmail.com MailID 2812 AlReady Exists...  
[2018-06-24 00:43:02] local.INFO:  Unic022@foxmail.com MailID 2813 AlReady Exists...  
[2018-06-24 00:43:02] local.INFO:  Unic022@foxmail.com MailID 2814 AlReady Exists...  
[2018-06-24 00:43:02] local.INFO:  Unic022@foxmail.com MailID 2815 AlReady Exists...  
[2018-06-24 00:43:02] local.INFO:  Unic022@foxmail.com MailID 2816 AlReady Exists...  
[2018-06-24 00:43:02] local.INFO:  Unic022@foxmail.com MailID 2817 AlReady Exists...  
[2018-06-24 00:43:03] local.INFO:  Unic022@foxmail.com MailID 2818 Insert Error...Undefined offset: 0  
[2018-06-24 00:43:03] local.INFO:  Unic022@foxmail.com MailID 2819 AlReady Exists...  
[2018-06-24 00:43:03] local.INFO:  Unic022@foxmail.com MailID 2820 AlReady Exists...  
[2018-06-24 00:43:03] local.INFO:  Unic022@foxmail.com MailID 2821 AlReady Exists...  
[2018-06-24 00:43:03] local.INFO:  Unic022@foxmail.com MailID 2822 AlReady Exists...  
[2018-06-24 00:43:03] local.INFO:  Unic022@foxmail.com MailID 2823 AlReady Exists...  
[2018-06-24 00:43:03] local.INFO:  Unic022@foxmail.com MailID 2824 AlReady Exists...  
[2018-06-24 00:43:03] local.INFO:  Unic022@foxmail.com MailID 2825 Insert Error...Undefined offset: 0  
[2018-06-24 00:43:03] local.INFO:  Unic022@foxmail.com MailID 2826 Insert Error...Undefined offset: 0  
[2018-06-24 00:43:15] local.INFO:  Unic022@foxmail.com MailID 2827 Insert Error...Undefined offset: 0  
[2018-06-24 00:43:29] local.INFO:  Unic022@foxmail.com MailID 2828 Insert Error...Undefined offset: 0  
[2018-06-24 00:43:39] local.INFO:  Unic022@foxmail.com MailID 2829 Insert Error...Undefined offset: 0  
[2018-06-24 00:43:39] local.INFO:  Unic022@foxmail.com MailID 2830 Insert Error...Undefined offset: 0  
[2018-06-24 00:43:39] local.INFO:  Unic022@foxmail.com MailID 2831 Insert Error...Undefined offset: 0  
[2018-06-24 00:43:40] local.INFO:  Unic022@foxmail.com MailID 2832 Insert Error...Undefined offset: 0  
[2018-06-24 00:43:40] local.INFO:  Unic022@foxmail.com MailID 2833 Insert Error...Undefined offset: 0  
[2018-06-24 00:43:40] local.INFO:  Unic022@foxmail.com MailID 2834 Insert Error...Undefined offset: 0  
[2018-06-24 00:43:40] local.INFO:  Unic022@foxmail.com MailID 2835 Insert Error...Undefined offset: 0  
[2018-06-24 00:43:41] local.INFO:  Unic022@foxmail.com MailID 2836 Insert Error...Undefined offset: 0  
[2018-06-24 00:43:41] local.INFO:  Unic022@foxmail.com MailID 2837 Insert Error...Undefined offset: 0  
[2018-06-24 00:43:41] local.INFO:  Unic022@foxmail.com MailID 2838 AlReady Exists...  
[2018-06-24 00:43:42] local.INFO:  Unic022@foxmail.com MailID 2839 Insert Error...Undefined offset: 0  
[2018-06-24 00:43:42] local.INFO:  Unic022@foxmail.com MailID 2840 Insert Error...Undefined offset: 0  
[2018-06-24 00:43:57] local.INFO:  Unic022@foxmail.com MailID 2841 Insert Error...Undefined offset: 0  
[2018-06-24 00:43:57] local.INFO:  Unic022@foxmail.com MailID 2842 Insert Error...Undefined offset: 0  
[2018-06-24 00:43:57] local.INFO:  Unic022@foxmail.com MailID 2843 Insert Error...Undefined offset: 0  
[2018-06-24 00:43:58] local.INFO:  Unic022@foxmail.com MailID 2844 Insert Error...Undefined offset: 0  
[2018-06-24 00:43:58] local.INFO:  Unic022@foxmail.com MailID 2845 Insert Error...Undefined offset: 0  
[2018-06-24 00:43:58] local.INFO:  Unic022@foxmail.com MailID 2846 Insert Error...Undefined offset: 0  
[2018-06-24 00:43:58] local.INFO:  Unic022@foxmail.com MailID 2847 AlReady Exists...  
[2018-06-24 00:43:58] local.INFO:  Unic022@foxmail.com MailID 2848 AlReady Exists...  
[2018-06-24 00:43:58] local.INFO:  Unic022@foxmail.com Since 23 June 2018 Emails Scan Complete...  
[2018-06-24 01:13:02] local.INFO:  Unic022@foxmail.com Since 23 June 2018 Emails Scan Start...  
[2018-06-24 01:13:03] local.INFO:  Unic022@foxmail.com MailID 2811 AlReady Exists...  
[2018-06-24 01:13:03] local.INFO:  Unic022@foxmail.com MailID 2812 AlReady Exists...  
[2018-06-24 01:13:03] local.INFO:  Unic022@foxmail.com MailID 2813 AlReady Exists...  
[2018-06-24 01:13:03] local.INFO:  Unic022@foxmail.com MailID 2814 AlReady Exists...  
[2018-06-24 01:13:03] local.INFO:  Unic022@foxmail.com MailID 2815 AlReady Exists...  
[2018-06-24 01:13:03] local.INFO:  Unic022@foxmail.com MailID 2816 AlReady Exists...  
[2018-06-24 01:13:03] local.INFO:  Unic022@foxmail.com MailID 2817 AlReady Exists...  
[2018-06-24 01:13:03] local.INFO:  Unic022@foxmail.com MailID 2818 Insert Error...Undefined offset: 0  
[2018-06-24 01:13:03] local.INFO:  Unic022@foxmail.com MailID 2819 AlReady Exists...  
[2018-06-24 01:13:03] local.INFO:  Unic022@foxmail.com MailID 2820 AlReady Exists...  
[2018-06-24 01:13:03] local.INFO:  Unic022@foxmail.com MailID 2821 AlReady Exists...  
[2018-06-24 01:13:03] local.INFO:  Unic022@foxmail.com MailID 2822 AlReady Exists...  
[2018-06-24 01:13:03] local.INFO:  Unic022@foxmail.com MailID 2823 AlReady Exists...  
[2018-06-24 01:13:03] local.INFO:  Unic022@foxmail.com MailID 2824 AlReady Exists...  
[2018-06-24 01:13:04] local.INFO:  Unic022@foxmail.com MailID 2825 Insert Error...Undefined offset: 0  
[2018-06-24 01:13:04] local.INFO:  Unic022@foxmail.com MailID 2826 Insert Error...Undefined offset: 0  
[2018-06-24 01:13:16] local.INFO:  Unic022@foxmail.com MailID 2827 Insert Error...Undefined offset: 0  
[2018-06-24 01:13:28] local.INFO:  Unic022@foxmail.com MailID 2828 Insert Error...Undefined offset: 0  
[2018-06-24 01:13:38] local.INFO:  Unic022@foxmail.com MailID 2829 Insert Error...Undefined offset: 0  
[2018-06-24 01:13:39] local.INFO:  Unic022@foxmail.com MailID 2830 Insert Error...Undefined offset: 0  
[2018-06-24 01:13:39] local.INFO:  Unic022@foxmail.com MailID 2831 Insert Error...Undefined offset: 0  
[2018-06-24 01:13:40] local.INFO:  Unic022@foxmail.com MailID 2832 Insert Error...Undefined offset: 0  
[2018-06-24 01:13:40] local.INFO:  Unic022@foxmail.com MailID 2833 Insert Error...Undefined offset: 0  
[2018-06-24 01:13:40] local.INFO:  Unic022@foxmail.com MailID 2834 Insert Error...Undefined offset: 0  
[2018-06-24 01:13:41] local.INFO:  Unic022@foxmail.com MailID 2835 Insert Error...Undefined offset: 0  
[2018-06-24 01:13:41] local.INFO:  Unic022@foxmail.com MailID 2836 Insert Error...Undefined offset: 0  
[2018-06-24 01:13:42] local.INFO:  Unic022@foxmail.com MailID 2837 Insert Error...Undefined offset: 0  
[2018-06-24 01:13:42] local.INFO:  Unic022@foxmail.com MailID 2838 AlReady Exists...  
[2018-06-24 01:13:42] local.INFO:  Unic022@foxmail.com MailID 2839 Insert Error...Undefined offset: 0  
[2018-06-24 01:13:43] local.INFO:  Unic022@foxmail.com MailID 2840 Insert Error...Undefined offset: 0  
[2018-06-24 01:14:58] local.INFO:  Unic022@foxmail.com MailID 2841 Insert Error...Undefined offset: 0  
[2018-06-24 01:14:59] local.INFO:  Unic022@foxmail.com MailID 2842 Insert Error...Undefined offset: 0  
[2018-06-24 01:14:59] local.INFO:  Unic022@foxmail.com MailID 2843 Insert Error...Undefined offset: 0  
[2018-06-24 01:14:59] local.INFO:  Unic022@foxmail.com MailID 2844 Insert Error...Undefined offset: 0  
[2018-06-24 01:15:00] local.INFO:  Unic022@foxmail.com MailID 2845 Insert Error...Undefined offset: 0  
[2018-06-24 01:15:00] local.INFO:  Unic022@foxmail.com MailID 2846 Insert Error...Undefined offset: 0  
[2018-06-24 01:15:00] local.INFO:  Unic022@foxmail.com MailID 2847 AlReady Exists...  
[2018-06-24 01:15:00] local.INFO:  Unic022@foxmail.com MailID 2848 AlReady Exists...  
[2018-06-24 01:15:00] local.INFO:  Unic022@foxmail.com Since 23 June 2018 Emails Scan Complete...  
[2018-06-24 01:43:01] local.INFO:  Unic022@foxmail.com Since 23 June 2018 Emails Scan Start...  
[2018-06-24 01:43:02] local.INFO:  Unic022@foxmail.com MailID 2811 AlReady Exists...  
[2018-06-24 01:43:02] local.INFO:  Unic022@foxmail.com MailID 2812 AlReady Exists...  
[2018-06-24 01:43:02] local.INFO:  Unic022@foxmail.com MailID 2813 AlReady Exists...  
[2018-06-24 01:43:02] local.INFO:  Unic022@foxmail.com MailID 2814 AlReady Exists...  
[2018-06-24 01:43:02] local.INFO:  Unic022@foxmail.com MailID 2815 AlReady Exists...  
[2018-06-24 01:43:02] local.INFO:  Unic022@foxmail.com MailID 2816 AlReady Exists...  
[2018-06-24 01:43:02] local.INFO:  Unic022@foxmail.com MailID 2817 AlReady Exists...  
[2018-06-24 01:43:03] local.INFO:  Unic022@foxmail.com MailID 2818 Insert Error...Undefined offset: 0  
[2018-06-24 01:43:03] local.INFO:  Unic022@foxmail.com MailID 2819 AlReady Exists...  
[2018-06-24 01:43:03] local.INFO:  Unic022@foxmail.com MailID 2820 AlReady Exists...  
[2018-06-24 01:43:03] local.INFO:  Unic022@foxmail.com MailID 2821 AlReady Exists...  
[2018-06-24 01:43:03] local.INFO:  Unic022@foxmail.com MailID 2822 AlReady Exists...  
[2018-06-24 01:43:03] local.INFO:  Unic022@foxmail.com MailID 2823 AlReady Exists...  
[2018-06-24 01:43:03] local.INFO:  Unic022@foxmail.com MailID 2824 AlReady Exists...  
[2018-06-24 01:43:03] local.INFO:  Unic022@foxmail.com MailID 2825 Insert Error...Undefined offset: 0  
[2018-06-24 01:43:04] local.INFO:  Unic022@foxmail.com MailID 2826 Insert Error...Undefined offset: 0  
[2018-06-24 01:43:17] local.INFO:  Unic022@foxmail.com MailID 2827 Insert Error...Undefined offset: 0  
[2018-06-24 01:43:28] local.INFO:  Unic022@foxmail.com MailID 2828 Insert Error...Undefined offset: 0  
[2018-06-24 01:43:37] local.INFO:  Unic022@foxmail.com MailID 2829 Insert Error...Undefined offset: 0  
[2018-06-24 01:43:37] local.INFO:  Unic022@foxmail.com MailID 2830 Insert Error...Undefined offset: 0  
[2018-06-24 01:43:38] local.INFO:  Unic022@foxmail.com MailID 2831 Insert Error...Undefined offset: 0  
[2018-06-24 01:43:38] local.INFO:  Unic022@foxmail.com MailID 2832 Insert Error...Undefined offset: 0  
[2018-06-24 01:43:38] local.INFO:  Unic022@foxmail.com MailID 2833 Insert Error...Undefined offset: 0  
[2018-06-24 01:43:39] local.INFO:  Unic022@foxmail.com MailID 2834 Insert Error...Undefined offset: 0  
[2018-06-24 01:43:39] local.INFO:  Unic022@foxmail.com MailID 2835 Insert Error...Undefined offset: 0  
[2018-06-24 01:43:41] local.INFO:  Unic022@foxmail.com MailID 2836 Insert Error...Undefined offset: 0  
[2018-06-24 01:43:41] local.INFO:  Unic022@foxmail.com MailID 2837 Insert Error...Undefined offset: 0  
[2018-06-24 01:43:41] local.INFO:  Unic022@foxmail.com MailID 2838 AlReady Exists...  
[2018-06-24 01:43:42] local.INFO:  Unic022@foxmail.com MailID 2839 Insert Error...Undefined offset: 0  
[2018-06-24 01:43:42] local.INFO:  Unic022@foxmail.com MailID 2840 Insert Error...Undefined offset: 0  
[2018-06-24 01:44:57] local.INFO:  Unic022@foxmail.com MailID 2841 Insert Error...Undefined offset: 0  
[2018-06-24 01:44:57] local.INFO:  Unic022@foxmail.com MailID 2842 Insert Error...Undefined offset: 0  
[2018-06-24 01:44:57] local.INFO:  Unic022@foxmail.com MailID 2843 Insert Error...Undefined offset: 0  
[2018-06-24 01:44:58] local.INFO:  Unic022@foxmail.com MailID 2844 Insert Error...Undefined offset: 0  
[2018-06-24 01:44:58] local.INFO:  Unic022@foxmail.com MailID 2845 Insert Error...Undefined offset: 0  
[2018-06-24 01:44:58] local.INFO:  Unic022@foxmail.com MailID 2846 Insert Error...Undefined offset: 0  
[2018-06-24 01:44:58] local.INFO:  Unic022@foxmail.com MailID 2847 AlReady Exists...  
[2018-06-24 01:44:58] local.INFO:  Unic022@foxmail.com MailID 2848 AlReady Exists...  
[2018-06-24 01:44:58] local.INFO:  Unic022@foxmail.com Since 23 June 2018 Emails Scan Complete...  
[2018-06-24 02:13:01] local.INFO:  Unic022@foxmail.com Since 23 June 2018 Emails Scan Start...  
[2018-06-24 02:13:03] local.INFO:  Unic022@foxmail.com MailID 2811 AlReady Exists...  
[2018-06-24 02:13:03] local.INFO:  Unic022@foxmail.com MailID 2812 AlReady Exists...  
[2018-06-24 02:13:03] local.INFO:  Unic022@foxmail.com MailID 2813 AlReady Exists...  
[2018-06-24 02:13:03] local.INFO:  Unic022@foxmail.com MailID 2814 AlReady Exists...  
[2018-06-24 02:13:03] local.INFO:  Unic022@foxmail.com MailID 2815 AlReady Exists...  
[2018-06-24 02:13:03] local.INFO:  Unic022@foxmail.com MailID 2816 AlReady Exists...  
[2018-06-24 02:13:03] local.INFO:  Unic022@foxmail.com MailID 2817 AlReady Exists...  
[2018-06-24 02:13:04] local.INFO:  Unic022@foxmail.com MailID 2818 Insert Error...Undefined offset: 0  
[2018-06-24 02:13:04] local.INFO:  Unic022@foxmail.com MailID 2819 AlReady Exists...  
[2018-06-24 02:13:04] local.INFO:  Unic022@foxmail.com MailID 2820 AlReady Exists...  
[2018-06-24 02:13:04] local.INFO:  Unic022@foxmail.com MailID 2821 AlReady Exists...  
[2018-06-24 02:13:04] local.INFO:  Unic022@foxmail.com MailID 2822 AlReady Exists...  
[2018-06-24 02:13:04] local.INFO:  Unic022@foxmail.com MailID 2823 AlReady Exists...  
[2018-06-24 02:13:04] local.INFO:  Unic022@foxmail.com MailID 2824 AlReady Exists...  
[2018-06-24 02:13:04] local.INFO:  Unic022@foxmail.com MailID 2825 Insert Error...Undefined offset: 0  
[2018-06-24 02:13:05] local.INFO:  Unic022@foxmail.com MailID 2826 Insert Error...Undefined offset: 0  
[2018-06-24 02:13:18] local.INFO:  Unic022@foxmail.com MailID 2827 Insert Error...Undefined offset: 0  
[2018-06-24 02:13:27] local.INFO:  Unic022@foxmail.com MailID 2828 Insert Error...Undefined offset: 0  
[2018-06-24 02:13:35] local.INFO:  Unic022@foxmail.com MailID 2829 Insert Error...Undefined offset: 0  
[2018-06-24 02:13:36] local.INFO:  Unic022@foxmail.com MailID 2830 Insert Error...Undefined offset: 0  
[2018-06-24 02:13:37] local.INFO:  Unic022@foxmail.com MailID 2831 Insert Error...Undefined offset: 0  
[2018-06-24 02:13:37] local.INFO:  Unic022@foxmail.com MailID 2832 Insert Error...Undefined offset: 0  
[2018-06-24 02:13:38] local.INFO:  Unic022@foxmail.com MailID 2833 Insert Error...Undefined offset: 0  
[2018-06-24 02:13:38] local.INFO:  Unic022@foxmail.com MailID 2834 Insert Error...Undefined offset: 0  
[2018-06-24 02:13:38] local.INFO:  Unic022@foxmail.com MailID 2835 Insert Error...Undefined offset: 0  
[2018-06-24 02:13:39] local.INFO:  Unic022@foxmail.com MailID 2836 Insert Error...Undefined offset: 0  
[2018-06-24 02:13:40] local.INFO:  Unic022@foxmail.com MailID 2837 Insert Error...Undefined offset: 0  
[2018-06-24 02:13:40] local.INFO:  Unic022@foxmail.com MailID 2838 AlReady Exists...  
[2018-06-24 02:13:41] local.INFO:  Unic022@foxmail.com MailID 2839 Insert Error...Undefined offset: 0  
[2018-06-24 02:13:41] local.INFO:  Unic022@foxmail.com MailID 2840 Insert Error...Undefined offset: 0  
[2018-06-24 02:15:02] local.INFO:  Unic022@foxmail.com MailID 2841 Insert Error...Undefined offset: 0  
[2018-06-24 02:15:02] local.INFO:  Unic022@foxmail.com MailID 2842 Insert Error...Undefined offset: 0  
[2018-06-24 02:15:02] local.INFO:  Unic022@foxmail.com MailID 2843 Insert Error...Undefined offset: 0  
[2018-06-24 02:15:03] local.INFO:  Unic022@foxmail.com MailID 2844 Insert Error...Undefined offset: 0  
[2018-06-24 02:15:03] local.INFO:  Unic022@foxmail.com MailID 2845 Insert Error...Undefined offset: 0  
[2018-06-24 02:15:04] local.INFO:  Unic022@foxmail.com MailID 2846 Insert Error...Undefined offset: 0  
[2018-06-24 02:15:04] local.INFO:  Unic022@foxmail.com MailID 2847 AlReady Exists...  
[2018-06-24 02:15:04] local.INFO:  Unic022@foxmail.com MailID 2848 AlReady Exists...  
[2018-06-24 02:15:14] local.INFO:  Unic022@foxmail.com MailID 2849 Insert Error...Undefined offset: 0  
[2018-06-24 02:15:14] local.INFO:  Unic022@foxmail.com Since 23 June 2018 Emails Scan Complete...  
[2018-06-24 02:43:01] local.INFO:  Unic022@foxmail.com Since 23 June 2018 Emails Scan Start...  
[2018-06-24 02:43:02] local.INFO:  Unic022@foxmail.com MailID 2811 AlReady Exists...  
[2018-06-24 02:43:02] local.INFO:  Unic022@foxmail.com MailID 2812 AlReady Exists...  
[2018-06-24 02:43:02] local.INFO:  Unic022@foxmail.com MailID 2813 AlReady Exists...  
[2018-06-24 02:43:02] local.INFO:  Unic022@foxmail.com MailID 2814 AlReady Exists...  
[2018-06-24 02:43:02] local.INFO:  Unic022@foxmail.com MailID 2815 AlReady Exists...  
[2018-06-24 02:43:02] local.INFO:  Unic022@foxmail.com MailID 2816 AlReady Exists...  
[2018-06-24 02:43:02] local.INFO:  Unic022@foxmail.com MailID 2817 AlReady Exists...  
[2018-06-24 02:43:03] local.INFO:  Unic022@foxmail.com MailID 2818 Insert Error...Undefined offset: 0  
[2018-06-24 02:43:03] local.INFO:  Unic022@foxmail.com MailID 2819 AlReady Exists...  
[2018-06-24 02:43:03] local.INFO:  Unic022@foxmail.com MailID 2820 AlReady Exists...  
[2018-06-24 02:43:03] local.INFO:  Unic022@foxmail.com MailID 2821 AlReady Exists...  
[2018-06-24 02:43:03] local.INFO:  Unic022@foxmail.com MailID 2822 AlReady Exists...  
[2018-06-24 02:43:03] local.INFO:  Unic022@foxmail.com MailID 2823 AlReady Exists...  
[2018-06-24 02:43:03] local.INFO:  Unic022@foxmail.com MailID 2824 AlReady Exists...  
[2018-06-24 02:43:03] local.INFO:  Unic022@foxmail.com MailID 2825 Insert Error...Undefined offset: 0  
[2018-06-24 02:43:04] local.INFO:  Unic022@foxmail.com MailID 2826 Insert Success...  
[2018-06-24 02:43:17] local.INFO:  Unic022@foxmail.com MailID 2827 Insert Success...  
[2018-06-24 02:43:30] local.INFO:  Unic022@foxmail.com MailID 2828 Insert Success...  
[2018-06-24 02:43:42] local.INFO:  Unic022@foxmail.com MailID 2829 Insert Success...  
[2018-06-24 02:43:43] local.INFO:  Unic022@foxmail.com MailID 2830 Insert Success...  
[2018-06-24 02:43:44] local.INFO:  Unic022@foxmail.com MailID 2831 Insert Error...Undefined offset: 0  
[2018-06-24 02:43:44] local.INFO:  Unic022@foxmail.com MailID 2832 Insert Error...Undefined offset: 0  
[2018-06-24 02:43:44] local.INFO:  Unic022@foxmail.com MailID 2833 Insert Error...Undefined offset: 0  
[2018-06-24 02:43:45] local.INFO:  Unic022@foxmail.com MailID 2834 Insert Error...Undefined offset: 0  
[2018-06-24 02:43:45] local.INFO:  Unic022@foxmail.com MailID 2835 Insert Error...Undefined offset: 0  
[2018-06-24 02:43:46] local.INFO:  Unic022@foxmail.com MailID 2836 Insert Success...  
[2018-06-24 02:43:46] local.INFO:  Unic022@foxmail.com MailID 2837 Insert Error...Undefined offset: 0  
[2018-06-24 02:43:46] local.INFO:  Unic022@foxmail.com MailID 2838 AlReady Exists...  
[2018-06-24 02:43:47] local.INFO:  Unic022@foxmail.com MailID 2839 Insert Error...Undefined offset: 0  
[2018-06-24 02:43:47] local.INFO:  Unic022@foxmail.com MailID 2840 Insert Error...Undefined offset: 0  
[2018-06-24 02:45:07] local.INFO:  Unic022@foxmail.com MailID 2841 Insert Error...Undefined offset: 0  
[2018-06-24 02:45:07] local.INFO:  Unic022@foxmail.com MailID 2842 Insert Error...Undefined offset: 0  
[2018-06-24 02:45:07] local.INFO:  Unic022@foxmail.com MailID 2843 Insert Error...Undefined offset: 0  
[2018-06-24 02:45:08] local.INFO:  Unic022@foxmail.com MailID 2844 Insert Error...Undefined offset: 0  
[2018-06-24 02:45:08] local.INFO:  Unic022@foxmail.com MailID 2845 Insert Error...Undefined offset: 0  
[2018-06-24 02:45:08] local.INFO:  Unic022@foxmail.com MailID 2846 Insert Error...Undefined offset: 0  
[2018-06-24 02:45:08] local.INFO:  Unic022@foxmail.com MailID 2847 AlReady Exists...  
[2018-06-24 02:45:08] local.INFO:  Unic022@foxmail.com MailID 2848 AlReady Exists...  
[2018-06-24 02:45:21] local.INFO:  Unic022@foxmail.com MailID 2849 Insert Error...Undefined offset: 0  
[2018-06-24 02:45:21] local.INFO:  Unic022@foxmail.com Since 23 June 2018 Emails Scan Complete...  
